CUDA Available: True
Available Devices: 1
Current Device: 0
Device Name: NVIDIA GeForce RTX 3070 Ti
2025-08-19 19:59:29,878 [INFO] Logging configured. Level: DEBUG. Outputting to Console and File: real_a1/0819_new_arch/log/
2025-08-19 19:59:29,881 [INFO] neighbor mask:
 array([[0, 0, 0, 0, 0, 0, 0, 0, 0, 0, 1, 0, 0, 0, 1, 1, 0, 0, 0, 0, 0, 0,
        0, 0, 0, 1, 0, 0],
       [0, 0, 0, 0, 0, 1, 0, 0, 0, 0, 0, 0, 0, 0, 0, 0, 0, 0, 0, 1, 0, 0,
        1, 0, 0, 1, 0, 0],
       [0, 0, 0, 0, 1, 0, 0, 0, 0, 1, 0, 0, 0, 0, 0, 0, 0, 0, 0, 0, 0, 0,
        0, 0, 0, 0, 0, 0],
       [0, 0, 0, 0, 0, 0, 0, 0, 0, 0, 0, 0, 0, 0, 0, 0, 0, 0, 0, 0, 0, 0,
        0, 0, 0, 0, 0, 0],
       [0, 0, 1, 0, 0, 0, 0, 1, 0, 0, 0, 0, 0, 0, 0, 0, 0, 0, 0, 0, 0, 0,
        0, 0, 0, 0, 0, 0],
       [0, 1, 0, 0, 0, 0, 0, 0, 0, 0, 0, 0, 0, 0, 0, 0, 0, 0, 0, 0, 0, 0,
        1, 0, 0, 0, 1, 0],
       [0, 0, 0, 0, 0, 0, 0, 0, 0, 0, 0, 0, 0, 0, 0, 0, 1, 0, 0, 0, 0, 0,
        0, 0, 0, 0, 0, 0],
       [0, 0, 0, 0, 1, 0, 0, 0, 0, 0, 0, 0, 1, 0, 0, 0, 0, 0, 0, 0, 0, 0,
        0, 1, 0, 0, 0, 0],
       [0, 0, 0, 0, 0, 0, 0, 0, 0, 0, 0, 0, 0, 0, 0, 0, 0, 0, 1, 1, 0, 0,
        0, 0, 0, 0, 0, 0],
       [0, 0, 1, 0, 0, 0, 0, 0, 0, 0, 0, 0, 0, 0, 0, 0, 0, 0, 0, 0, 0, 0,
        0, 1, 0, 0, 0, 0],
       [1, 0, 0, 0, 0, 0, 0, 0, 0, 0, 0, 0, 0, 0, 0, 1, 0, 0, 1, 0, 1, 0,
        0, 0, 0, 0, 0, 0],
       [0, 0, 0, 0, 0, 0, 0, 0, 0, 0, 0, 0, 0, 0, 0, 0, 0, 0, 0, 0, 0, 0,
        0, 0, 0, 0, 0, 0],
       [0, 0, 0, 0, 0, 0, 0, 1, 0, 0, 0, 0, 0, 0, 0, 0, 0, 0, 0, 0, 0, 0,
        0, 0, 0, 0, 1, 0],
       [0, 0, 0, 0, 0, 0, 0, 0, 0, 0, 0, 0, 0, 0, 0, 0, 0, 0, 0, 0, 0, 0,
        0, 0, 0, 0, 0, 0],
       [0, 0, 0, 0, 0, 0, 0, 0, 0, 0, 0, 0, 0, 0, 0, 0, 0, 0, 0, 0, 0, 0,
        0, 0, 0, 0, 0, 1],
       [1, 0, 0, 0, 0, 0, 0, 0, 0, 0, 0, 0, 0, 0, 0, 0, 0, 0, 0, 0, 0, 0,
        0, 0, 1, 0, 0, 0],
       [0, 0, 0, 0, 0, 0, 1, 0, 0, 0, 0, 0, 0, 0, 0, 0, 0, 0, 0, 0, 0, 0,
        0, 0, 0, 0, 0, 0],
       [0, 0, 0, 0, 0, 0, 0, 0, 0, 0, 0, 0, 0, 0, 0, 0, 0, 0, 1, 0, 0, 0,
        0, 0, 0, 0, 0, 0],
       [0, 0, 0, 0, 0, 0, 0, 0, 1, 0, 1, 0, 0, 0, 0, 0, 0, 1, 0, 0, 0, 0,
        0, 0, 0, 0, 0, 0],
       [0, 1, 0, 0, 0, 0, 0, 0, 1, 0, 0, 0, 0, 0, 0, 0, 0, 0, 0, 0, 0, 0,
        1, 0, 0, 0, 0, 0],
       [0, 0, 0, 0, 0, 0, 0, 0, 0, 0, 0, 0, 0, 0, 0, 0, 0, 1, 0, 0, 0, 0,
        0, 0, 1, 0, 0, 0],
       [0, 0, 0, 0, 0, 0, 0, 0, 0, 0, 0, 0, 0, 0, 0, 0, 0, 0, 0, 0, 0, 0,
        0, 0, 0, 0, 0, 0],
       [0, 1, 0, 0, 0, 1, 0, 0, 0, 0, 0, 0, 0, 0, 0, 0, 0, 0, 0, 1, 0, 0,
        0, 0, 0, 0, 0, 0],
       [1, 0, 0, 0, 0, 0, 0, 0, 0, 0, 0, 0, 0, 0, 0, 0, 0, 0, 0, 0, 0, 0,
        0, 0, 0, 1, 0, 1],
       [0, 0, 0, 1, 0, 0, 0, 0, 0, 0, 0, 0, 0, 0, 0, 1, 0, 0, 0, 0, 1, 1,
        0, 0, 0, 0, 0, 0],
       [1, 1, 0, 0, 0, 0, 0, 0, 0, 0, 0, 0, 0, 0, 0, 0, 0, 0, 0, 0, 0, 0,
        0, 1, 0, 0, 1, 0],
       [0, 0, 0, 0, 0, 1, 0, 0, 0, 0, 0, 0, 1, 0, 0, 0, 0, 0, 0, 0, 0, 0,
        0, 0, 0, 1, 0, 0],
       [0, 0, 0, 0, 0, 0, 0, 0, 0, 1, 0, 0, 0, 0, 1, 0, 0, 0, 0, 0, 0, 0,
        0, 0, 0, 0, 0, 0]])
2025-08-19 19:59:29,882 [INFO] distance mask:
 array([[ 0,  2,  4,  3,  5,  3, -1,  4,  3,  3,  1, -1,  3, -1,  1,  1,
        -1,  3,  2,  3,  2,  3,  3,  2,  2,  1,  2,  2],
       [ 2,  0,  5,  5,  5,  1, -1,  4,  2,  4,  3, -1,  3, -1,  3,  3,
        -1,  4,  3,  1,  4,  5,  1,  2,  4,  1,  2,  3],
       [ 3,  4,  0,  6,  1,  5, -1,  2,  6,  1,  4, -1,  3, -1,  4,  4,
        -1,  6,  5,  5,  5,  6,  5,  2,  5,  3,  4,  3],
       [-1, -1, -1,  0, -1, -1, -1, -1, -1, -1, -1, -1, -1, -1, -1, -1,
        -1, -1, -1, -1, -1, -1, -1, -1, -1, -1, -1, -1],
       [ 3,  4,  1,  6,  0,  4, -1,  1,  6,  2,  4, -1,  2, -1,  4,  4,
        -1,  6,  5,  5,  5,  6,  5,  2,  5,  3,  3,  3],
       [ 3,  1,  5,  6,  4,  0, -1,  3,  3,  5,  4, -1,  2, -1,  4,  4,
        -1,  5,  4,  2,  5,  6,  1,  3,  5,  2,  1,  4],
       [-1, -1, -1, -1, -1, -1,  0, -1, -1, -1, -1, -1, -1, -1, -1, -1,
         1, -1, -1, -1, -1, -1, -1, -1, -1, -1, -1, -1],
       [ 2,  3,  2,  5,  1,  3, -1,  0,  5,  3,  3, -1,  1, -1,  3,  3,
        -1,  5,  4,  4,  4,  5,  4,  1,  4,  2,  2,  2],
       [ 3,  2,  7,  5,  7,  3, -1,  6,  0,  6,  2, -1,  5, -1,  4,  3,
        -1,  2,  1,  1,  3,  5,  2,  4,  4,  3,  4,  5],
       [ 2,  3,  1,  5,  2,  4, -1,  3,  5,  0,  3, -1,  4, -1,  3,  3,
        -1,  5,  4,  4,  4,  5,  4,  1,  4,  2,  3,  2],
       [ 1,  3,  5,  3,  6,  4, -1,  5,  2,  4,  0, -1,  4, -1,  2,  1,
        -1,  2,  1,  3,  1,  3,  4,  3,  2,  2,  3,  3],
       [-1, -1, -1, -1, -1, -1, -1, -1, -1, -1, -1,  0, -1, -1, -1, -1,
        -1, -1, -1, -1, -1, -1, -1, -1, -1, -1, -1, -1],
       [ 3,  3,  3,  6,  2,  2, -1,  1,  5,  4,  4, -1,  0, -1,  4,  4,
        -1,  6,  5,  4,  5,  6,  3,  2,  5,  2,  1,  3],
       [-1, -1, -1, -1, -1, -1, -1, -1, -1, -1, -1, -1, -1,  0, -1, -1,
        -1, -1, -1, -1, -1, -1, -1, -1, -1, -1, -1, -1],
       [ 4,  5,  3,  7,  4,  6, -1,  5,  7,  2,  5, -1,  6, -1,  0,  5,
        -1,  7,  6,  6,  6,  7,  6,  3,  6,  4,  5,  1],
       [ 1,  3,  5,  2,  6,  4, -1,  5,  4,  4,  2, -1,  4, -1,  2,  0,
        -1,  3,  3,  4,  2,  2,  4,  3,  1,  2,  3,  3],
       [-1, -1, -1, -1, -1, -1,  1, -1, -1, -1, -1, -1, -1, -1, -1, -1,
         0, -1, -1, -1, -1, -1, -1, -1, -1, -1, -1, -1],
       [ 3,  4,  7,  5,  8,  5, -1,  7,  2,  6,  2, -1,  6, -1,  4,  3,
        -1,  0,  1,  3,  3,  5,  4,  5,  4,  4,  5,  5],
       [ 2,  3,  6,  4,  7,  4, -1,  6,  1,  5,  1, -1,  5, -1,  3,  2,
        -1,  1,  0,  2,  2,  4,  3,  4,  3,  3,  4,  4],
       [ 3,  1,  6,  6,  6,  2, -1,  5,  1,  5,  3, -1,  4, -1,  4,  4,
        -1,  3,  2,  0,  4,  6,  1,  3,  5,  2,  3,  4],
       [ 3,  5,  7,  2,  8,  6, -1,  7,  3,  6,  3, -1,  6, -1,  4,  2,
        -1,  1,  2,  4,  0,  2,  5,  5,  1,  4,  5,  5],
       [-1, -1, -1, -1, -1, -1, -1, -1, -1, -1, -1, -1, -1, -1, -1, -1,
        -1, -1, -1, -1, -1,  0, -1, -1, -1, -1, -1, -1],
       [ 3,  1,  6,  6,  5,  1, -1,  4,  2,  5,  4, -1,  3, -1,  4,  4,
        -1,  4,  3,  1,  5,  6,  0,  3,  5,  2,  2,  4],
       [ 1,  2,  3,  4,  4,  3, -1,  4,  4,  2,  2, -1,  3, -1,  2,  2,
        -1,  4,  3,  3,  3,  4,  3,  0,  3,  1,  2,  1],
       [ 2,  4,  6,  1,  7,  5, -1,  6,  4,  5,  3, -1,  5, -1,  3,  1,
        -1,  2,  3,  5,  1,  1,  5,  4,  0,  3,  4,  4],
       [ 1,  1,  4,  4,  4,  2, -1,  3,  3,  3,  2, -1,  2, -1,  2,  2,
        -1,  4,  3,  2,  3,  4,  2,  1,  3,  0,  1,  2],
       [ 2,  2,  4,  5,  3,  1, -1,  2,  4,  4,  3, -1,  1, -1,  3,  3,
        -1,  5,  4,  3,  4,  5,  2,  2,  4,  1,  0,  3],
       [ 3,  4,  2,  6,  3,  5, -1,  4,  6,  1,  4, -1,  5, -1,  1,  4,
        -1,  6,  5,  5,  5,  6,  5,  2,  5,  3,  4,  0]])
Warning: Environment variable SUMO_HOME is not set properly, disabling XML validation. Set 'auto' or 'always' for web lookups.
2025-08-19 19:59:30,959 [INFO] Env: init 28 node information:
10026:
	neigbor: ['9431', '9561', 'cluster_9563_9597', '9531']
	ilds_in: [['-10089#4_1', '10031#1_1'], ['-10089#4_1', '10031#1_1'], ['-10089#4_2', '10031#1_2'], ['-10089#4_2', '10031#1_2'], ['gneE5_0'], ['gneE5_0'], ['gneE5_0'], ['10089#3_1'], ['10089#3_1'], ['10089#3_2'], ['10089#3_2'], ['-10046#0_1', '-10046#1_1'], ['-10046#0_1', '-10046#1_1'], ['-10046#0_1', '-10046#1_1']]
8794:
	neigbor: ['cluster_8985_9609', '9837', '9058', 'cluster_9563_9597']
	ilds_in: [['-10115#5_1'], ['-10115#5_1'], ['-10115#5_1'], ['-10104_1'], ['-10104_1'], ['-10104_1'], ['10115#4_1'], ['10115#4_1'], ['10115#4_1'], ['10106#3_1'], ['10106#3_1'], ['10106#3_1']]
8940:
	neigbor: ['9007', '9429']
	ilds_in: [['10061#5_1'], ['10061#5_1'], ['10065#1_1', '10065#0_1'], ['10065#1_1', '10065#0_1'], ['-10065#2_1'], ['-10065#2_1']]
8996:
	neigbor: []
	ilds_in: [['-10083#0_1'], ['gneE19_0'], ['gneE19_0']]
9007:
	neigbor: ['9309', '8940']
	ilds_in: [['10071#4_1'], ['10071#4_1'], ['-10071#5_1'], ['-10071#5_1'], ['-10065#0_1', '-10065#1_1'], ['-10065#0_1', '-10065#1_1']]
9058:
	neigbor: ['cluster_8985_9609', '8794', 'joinedS_0']
	ilds_in: [['-10062_1'], ['-10062_1'], ['-10062_1'], ['-10043_1'], ['-10043_1'], ['-10043_1'], ['-10110_1'], ['-10110_1'], ['-10110_1'], ['10104_1'], ['10104_1'], ['10104_1']]
9153:
	neigbor: ['9643']
	ilds_in: [['-10051#0_1'], ['-10051#0_1'], ['10050#0_1'], ['10050#0_1'], ['10050#0_1']]
9309:
	neigbor: ['9466', '9007', 'cluster_9043_9052']
	ilds_in: [['10071#5_1'], ['10071#5_1'], ['10071#5_1'], ['-10053#1_1'], ['-10053#1_1'], ['-10053#1_1'], ['10053#0_1'], ['10053#0_1'], ['10053#0_1'], ['gneE10_0'], ['gneE10_0'], ['gneE10_0']]
9413:
	neigbor: ['9721', '9837']
	ilds_in: [['-10106#2_1'], ['-10106#2_1'], ['10106#1_1'], ['10106#1_1'], ['10109_1'], ['10109_1']]
9429:
	neigbor: ['cluster_9043_9052', '8940']
	ilds_in: [['-10064#4_1'], ['-10064#4_1'], ['-10064#4_1'], ['-10064#4_2'], ['-10064#4_2'], ['10065#2_1'], ['10065#2_1'], ['10065#2_1'], ['10065#2_1'], ['10064#3_1', 'gneE12_0'], ['10064#3_1', 'gneE12_0'], ['10064#3_2', 'gneE12_1'], ['10064#3_2', 'gneE12_1'], ['10064#3_2', 'gneE12_1'], ['-10059_1'], ['-10059_1'], ['-10059_1'], ['-10059_1']]
9431:
	neigbor: ['9721', '9884', '9561', '10026']
	ilds_in: [['-10089#3_1'], ['-10089#3_2'], ['10089#2_1'], ['10089#2_2'], ['10099#3_1', '10099#1_1', '10099#2_1', 'gneE14_0'], ['10099#3_1', '10099#1_1', '10099#2_1', 'gneE14_0']]
9433:
	neigbor: []
	ilds_in: [['10052#5_1', '10052#4_1'], ['10180#3_1', '10180#1_1']]
9466:
	neigbor: ['9309', 'joinedS_0']
	ilds_in: [['-10053#0_1'], ['-10053#0_1'], ['-10053#0_1'], ['10053#2_1'], ['10053#2_1'], ['10053#2_1'], ['-10067#0_1', '-10067#1_1', '-10117#0_1'], ['-10067#0_1', '-10067#1_1', '-10117#0_1'], ['-10067#0_1', '-10067#1_1', '-10117#0_1'], ['-10080#0_1'], ['-10080#0_1'], ['-10080#0_1']]
9480:
	neigbor: []
	ilds_in: [['10183#13_1', '10183#12_1'], ['10183#13_1', '10183#12_1'], ['-10183#14_1', '-10183#16_1'], ['-10183#14_1', '-10183#16_1'], ['-10185#0_1'], ['-10185#0_1']]
9531:
	neigbor: ['joinedS_1']
	ilds_in: [['10031#0_1'], ['10031#0_1'], ['10031#0_2'], ['10077_1', '10116_1']]
9561:
	neigbor: ['cluster_9389_9689', '10026']
	ilds_in: [['10086_1'], ['10086_1'], ['10086_1'], ['10046#1_1', '10046#0_1'], ['10046#1_1', '10046#0_1'], ['10046#1_1', '10046#0_1'], ['gneE13_0'], ['gneE13_0'], ['gneE13_0'], ['gneE15_0'], ['gneE15_0'], ['gneE15_0']]
9643:
	neigbor: ['9153']
	ilds_in: [['-10051#1_1', '-10051#2_1'], ['-10051#1_1', '-10051#2_1'], ['10051#0_1'], ['10051#0_1'], ['-10178_1', '-10179_1'], ['-10178_1', '-10179_1']]
9713:
	neigbor: ['9721']
	ilds_in: [['-10094#2_1', '-10094#3_1'], ['-10094#2_1', '-10094#3_1'], ['-10094#2_1', '-10094#3_1'], ['-10095_1'], ['-10095_1'], ['-10095_1'], ['10094#1_1', '10094#0_1', '10097#2_1'], ['10094#1_1', '10094#0_1', '10097#2_1'], ['10094#1_1', '10094#0_1', '10097#2_1']]
9721:
	neigbor: ['9431', '9713', '9413']
	ilds_in: [['-10089#2_1'], ['-10089#2_1'], ['-10089#2_2'], ['-10089#2_2'], ['-10109_1'], ['-10109_1'], ['-10109_1'], ['10089#1_1'], ['10089#1_1'], ['10089#1_2'], ['10089#1_2'], ['10094#3_1', '10094#2_1'], ['10094#3_1', '10094#2_1'], ['10094#3_1', '10094#2_1']]
9837:
	neigbor: ['9413', '8794', 'cluster_8985_9609']
	ilds_in: [['-10106#3_1'], ['-10106#3_1'], ['10049_1'], ['10049_1'], ['10106#2_1'], ['10106#2_1']]
9884:
	neigbor: ['9713', 'cluster_9389_9689']
	ilds_in: [['gneE20_0'], ['gneE20_0'], ['-10100_1']]
cluster_8751_9630:
	neigbor: []
	ilds_in: [['-10186_1'], ['-10186_1'], ['-10186_1'], ['-10078#2_1', '-10078#3_1', '10085_1'], ['-10078#2_1', '-10078#3_1', '10085_1'], ['-10078#2_1', '-10078#3_1', '10085_1'], ['10083#2_1'], ['10083#2_1'], ['10083#2_1'], ['-10084#0_1'], ['-10084#0_1'], ['-10084#0_1']]
cluster_8985_9609:
	neigbor: ['9837', '8794', '9058']
	ilds_in: [['-10115#4_1'], ['-10115#4_1'], ['-10115#4_1'], ['10110_1'], ['10110_1'], ['10110_1'], ['10115#2_1'], ['10115#2_1'], ['10115#2_1'], ['-10049_1'], ['-10049_1'], ['-10049_1']]
cluster_9043_9052:
	neigbor: ['cluster_9563_9597', '10026', 'joinedS_1']
	ilds_in: [['gneE11_0'], ['gneE11_1'], ['gneE11_1'], ['gneE9_0'], ['gneE9_0'], ['-10090#0_1', '-10090#1_1', '10080#2_1'], ['-10090#0_1', '-10090#1_1', '10080#2_1'], ['-10090#0_2', '-10090#1_2'], ['10092_1'], ['10092_1'], ['10092_2']]
cluster_9389_9689:
	neigbor: ['cluster_8751_9630', '9884', '9561', '8996']
	ilds_in: [['-10085_1'], ['-10085_1'], ['-10085_1'], ['gneE16_0'], ['gneE16_0'], ['gneE16_0'], ['10100_1'], ['10100_1'], ['10100_1'], ['-10046#5_1', '10083#1_1', '-10083#2_1'], ['-10046#5_1', '10083#1_1', '-10083#2_1'], ['-10046#5_1', '10083#1_1', '-10083#2_1']]
cluster_9563_9597:
	neigbor: ['10026', '8794', 'joinedS_0', 'cluster_9043_9052']
	ilds_in: [['10090#1_1', '10090#0_1'], ['10090#1_1', '10090#0_1'], ['10090#1_2', '10090#0_2'], ['10108#5_1', 'gneE8_0'], ['10108#5_1', 'gneE8_0'], ['10108#5_2', 'gneE8_1'], ['10115#5_1'], ['10115#5_1'], ['10115#5_1'], ['gneE4_0'], ['gneE4_0'], ['gneE4_0']]
joinedS_0:
	neigbor: ['9058', 'cluster_9563_9597', '9466']
	ilds_in: [['10108#2_1'], ['10108#2_2'], ['10108#2_2'], ['10062_1'], ['10062_1'], ['gneE7_0', '-10108#5_1'], ['gneE7_0', '-10108#5_1'], ['gneE7_1', '-10108#5_2'], ['10067#1_1'], ['10067#1_1'], ['10067#1_1'], ['10108#0_1'], ['10108#0_1'], ['10108#0_2'], ['10108#0_2'], ['10043_1'], ['10043_1'], ['10043_1'], ['-10108#2_1'], ['-10108#2_1'], ['-10108#2_2'], ['-10108#2_2']]
joinedS_1:
	neigbor: ['9531', '9429']
	ilds_in: [['10102_1'], ['10102_1'], ['10102_2'], ['10102_2'], ['gneE18_0'], ['gneE18_0'], ['-10116_1'], ['10181#2_1', '10181#1_1'], ['10181#2_1', '10181#1_1']]

Arrived :  0
2025-08-19 19:59:30,959 [INFO] Training: a dim [6, 4, 2, 2, 2, 4, 2, 4, 2, 5, 2, 2, 4, 2, 2, 4, 2, 3, 6, 3, 2, 4, 4, 4, 4, 4, 6, 3], agent dim: 28
2025-08-19 19:59:30,959 [DEBUG] DEBUG: Initializing MA2C_NC model.
2025-08-19 19:59:30,959 [DEBUG] 12.8
2025-08-19 19:59:30,959 [DEBUG] <class 'module'>
2025-08-19 19:59:30,959 [INFO] Use gpu for pytorch...
2025-08-19 19:59:32,844 [ERROR] Can not find checkpoint for real_a1/0819_new_arch/model/
2025-08-19 19:59:32,844 [DEBUG] round 0
Warning: Environment variable SUMO_HOME is not set properly, disabling XML validation. Set 'auto' or 'always' for web lookups.
2025-08-19 19:59:33,896 [INFO] Step: 0        | GAT Dropout: 0.200000 | LR: 5.000000e-04
2025-08-19 19:59:53,307 [DEBUG] step: 120
